2025-10-01 11:58:24, 21C, Carlos García, Economy, Falta algún campo en la reserva
2025-10-01 11:58:24, 19E, Luis Gómez, Economy,, Falta algún campo en la reserva
2025-10-01 11:58:24, , Línea vacía
2025-10-01 12:00:45, 22G, Marta Ruiz, Economy, , Falta algún campo en la reserva
2025-10-01 12:03:04, 21C, Carlos García, Economy, Falta el camp 'destí'.
2025-10-01 12:03:04, 19E, Luis Gómez, Economy,, Falta el camp 'destí'.
2025-10-01 12:03:04, , Falta el camp 'nombre, clase y destí'.
2025-10-01 12:03:04, 21C, Carlos García, Economy, , Falta el camp 'destí'.
2025-10-01 12:03:04, 08F, Sofía Vargas, Economy, , Falta el camp 'destí'.
2025-10-01 12:03:04, , , , , Falta el camp 'asiento, nombre, clase y destí'.
2025-10-01 12:03:16, 21C, Carlos García, Economy, Falta el camp 'destí'.
2025-10-01 12:03:16, 19E, Luis Gómez, Economy,, Falta el camp 'destí'.
2025-10-01 12:03:16, , Falta el camp 'nombre, clase y destí'.
2025-10-01 12:03:16, 21C, Carlos García, Economy, , Falta el camp 'destí'.
2025-10-01 12:03:16, 08F, Sofía Vargas, Economy, , Falta el camp 'destí'.
2025-10-01 12:03:16, , , , , Falta el camp 'asiento, nombre, clase y destí'.
2025-10-01 12:03:16, 21C, Carlos García, Economy, , Falta el camp 'destí'.
2025-10-01 12:03:16, 08F, Sofía Vargas, Economy, , Falta el camp 'destí'.
2025-10-01 12:03:16, , , , , Falta el camp 'asiento, nombre, clase y destí'.
2025-10-01 12:05:23, 21C, Carlos García, Economy, Falta el camp 'destí'.
2025-10-01 12:05:23, 19E, Luis Gómez, Economy,, Falta el camp 'destí'.
2025-10-01 12:05:23, (línea vacía), Falta el camp 'nombre, clase y destí'.
2025-10-01 12:05:23, 21C, Carlos García, Economy, , Falta el camp 'destí'.
2025-10-01 12:05:23, 08F, Sofía Vargas, Economy, , Falta el camp 'destí'.
2025-10-01 12:05:23, , , , , Falta el camp 'asiento, nombre, clase y destí'.
2025-10-01 12:05:23, 21C, Carlos García, Economy, , Falta el camp 'destí'.
2025-10-01 12:05:23, 08F, Sofía Vargas, Economy, , Falta el camp 'destí'.
2025-10-01 12:05:23, , , , , Falta el camp 'asiento, nombre, clase y destí'.
2025-10-01 12:05:23, 21C, Carlos García, Economy, , Falta el camp 'destí'.
2025-10-01 12:05:23, 08F, Sofía Vargas, Economy, , Falta el camp 'destí'.
2025-10-01 12:05:23, , , , , Falta el camp 'asiento, nombre, clase y destí'.
2025-10-01 12:06:02, 21C, Carlos García, Economy, Falta el camp 'destí'.
2025-10-01 12:06:02, 19E, Luis Gómez, Economy,, Falta el camp 'destí'.
2025-10-01 12:06:02, (línea vacía), Falta el camp 'nombre, clase y destí'.
2025-10-01 12:06:02, 21C, Carlos García, Economy, , Falta el camp 'destí'.
2025-10-01 12:06:02, 08F, Sofía Vargas, Economy, , Falta el camp 'destí'.
2025-10-01 12:06:02, , , , , Falta el camp 'asiento, nombre, clase y destí'.
2025-10-01 12:06:02, 21C, Carlos García, Economy, , Falta el camp 'destí'.
2025-10-01 12:06:02, 08F, Sofía Vargas, Economy, , Falta el camp 'destí'.
2025-10-01 12:06:02, , , , , Falta el camp 'asiento, nombre, clase y destí'.
2025-10-01 12:06:02, 21C, Carlos García, Economy, , Falta el camp 'destí'.
2025-10-01 12:06:02, 08F, Sofía Vargas, Economy, , Falta el camp 'destí'.
2025-10-01 12:06:02, , , , , Falta el camp 'asiento, nombre, clase y destí'.
2025-10-01 12:06:02, 21C, Carlos García, Economy, , Falta el camp 'destí'.
2025-10-01 12:06:02, 08F, Sofía Vargas, Economy, , Falta el camp 'destí'.
2025-10-01 12:06:02, , , , , Falta el camp 'asiento, nombre, clase y destí'.
2025-10-01 12:06:29, 21C, Carlos García, Economy, Falta el camp 'destí'.
2025-10-01 12:06:29, 19E, Luis Gómez, Economy,, Falta el camp 'destí'.
2025-10-01 12:06:29, (línea vacía), Falta el camp 'nombre, clase y destí'.
2025-10-01 12:06:29, 21C, Carlos García, Economy, , Falta el camp 'destí'.
2025-10-01 12:06:29, 08F, Sofía Vargas, Economy, , Falta el camp 'destí'.
2025-10-01 12:06:29, , , , , Falta el camp 'asiento, nombre, clase y destí'.
2025-10-01 12:06:29, 21C, Carlos García, Economy, , Falta el camp 'destí'.
2025-10-01 12:06:29, 08F, Sofía Vargas, Economy, , Falta el camp 'destí'.
2025-10-01 12:06:29, , , , , Falta el camp 'asiento, nombre, clase y destí'.
2025-10-01 12:06:29, 21C, Carlos García, Economy, , Falta el camp 'destí'.
2025-10-01 12:06:29, 08F, Sofía Vargas, Economy, , Falta el camp 'destí'.
2025-10-01 12:06:29, , , , , Falta el camp 'asiento, nombre, clase y destí'.
2025-10-01 12:06:29, 21C, Carlos García, Economy, , Falta el camp 'destí'.
2025-10-01 12:06:29, 08F, Sofía Vargas, Economy, , Falta el camp 'destí'.
2025-10-01 12:06:29, , , , , Falta el camp 'asiento, nombre, clase y destí'.
2025-10-01 12:06:29, 21C, Carlos García, Economy, , Falta el camp 'destí'.
2025-10-01 12:06:29, 08F, Sofía Vargas, Economy, , Falta el camp 'destí'.
2025-10-01 12:06:29, , , , , Falta el camp 'asiento, nombre, clase y destí'.
2025-10-01 12:06:57, 21C, Carlos García, Economy, Falta el camp 'destí'.
2025-10-01 12:06:57, 19E, Luis Gómez, Economy,, Falta el camp 'destí'.
2025-10-01 12:06:57, (línea vacía), Falta el camp 'nombre, clase y destí'.
2025-10-01 12:06:57, 21C, Carlos García, Economy, , Falta el camp 'destí'.
2025-10-01 12:06:57, 08F, Sofía Vargas, Economy, , Falta el camp 'destí'.
2025-10-01 12:06:57, , , , , Falta el camp 'asiento, nombre, clase y destí'.
2025-10-01 12:06:57, 21C, Carlos García, Economy, , Falta el camp 'destí'.
2025-10-01 12:06:57, 08F, Sofía Vargas, Economy, , Falta el camp 'destí'.
2025-10-01 12:06:57, , , , , Falta el camp 'asiento, nombre, clase y destí'.
2025-10-01 12:06:57, 21C, Carlos García, Economy, , Falta el camp 'destí'.
2025-10-01 12:06:57, 08F, Sofía Vargas, Economy, , Falta el camp 'destí'.
2025-10-01 12:06:57, , , , , Falta el camp 'asiento, nombre, clase y destí'.
2025-10-01 12:06:57, 21C, Carlos García, Economy, , Falta el camp 'destí'.
2025-10-01 12:06:57, 08F, Sofía Vargas, Economy, , Falta el camp 'destí'.
2025-10-01 12:06:57, , , , , Falta el camp 'asiento, nombre, clase y destí'.
2025-10-01 12:06:57, 21C, Carlos García, Economy, , Falta el camp 'destí'.
2025-10-01 12:06:57, 08F, Sofía Vargas, Economy, , Falta el camp 'destí'.
2025-10-01 12:06:57, , , , , Falta el camp 'asiento, nombre, clase y destí'.
2025-10-01 12:06:57, 21C, Carlos García, Economy, , Falta el camp 'destí'.
2025-10-01 12:06:57, 08F, Sofía Vargas, Economy, , Falta el camp 'destí'.
2025-10-01 12:06:57, , , , , Falta el camp 'asiento, nombre, clase y destí'.
